number,value,datetime_start,datetime_complete,duration,params_attention_heads,params_colonization_expert_weight,params_colonization_threshold,params_colonization_weight,params_coord_embed_base,params_decline_expert_weight,params_decline_threshold,params_decline_weight,params_dropout_rate,params_hidden_dim_1_base,params_hidden_dim_2_base,params_hidden_dim_3_base,params_jump_expert_weight,params_jump_threshold,params_jump_weight,params_learning_rate,params_pde_expert_weight,params_pde_weight,params_weight_decay,state
0,817.9473855352869,2025-04-24 20:19:19.750675,2025-04-24 20:34:48.604951,0 days 00:15:28.854276,3,0.846470458309974,0.05871254182522992,6.41003510568888,3,0.5849356442713105,86.59541126403374,2.636424704863906,0.16239780813448107,31,13,6,0.508233797718321,156.21088666940682,9.72918866945795,0.00011207606211860574,0.47336180394137356,3.7381801866358395,1.9762189340280077e-06,COMPLETE
1,688.6920017145668,2025-04-24 20:19:19.777120,2025-04-24 20:52:59.421030,0 days 00:33:39.643910,3,0.846470458309974,0.05871254182522992,6.41003510568888,3,0.5849356442713105,86.59541126403374,2.636424704863906,0.16239780813448107,31,13,6,0.508233797718321,156.21088666940682,9.72918866945795,0.00011207606211860574,0.47336180394137356,3.7381801866358395,1.9762189340280077e-06,COMPLETE
2,738.0690988522178,2025-04-24 20:19:19.791166,2025-04-24 21:11:41.056239,0 days 00:52:21.265073,3,0.846470458309974,0.05871254182522992,6.41003510568888,3,0.5849356442713105,86.59541126403374,2.636424704863906,0.16239780813448107,31,13,6,0.508233797718321,156.21088666940682,9.72918866945795,0.00011207606211860574,0.47336180394137356,3.7381801866358395,1.9762189340280077e-06,COMPLETE
3,684.3436200075037,2025-04-24 20:19:19.806976,2025-04-24 21:35:58.097101,0 days 01:16:38.290125,3,0.846470458309974,0.05871254182522992,6.41003510568888,3,0.5849356442713105,86.59541126403374,2.636424704863906,0.16239780813448107,31,13,6,0.508233797718321,156.21088666940682,9.72918866945795,0.00011207606211860574,0.47336180394137356,3.7381801866358395,1.9762189340280077e-06,COMPLETE
4,658.6047490431798,2025-04-24 20:19:19.825029,2025-04-24 22:04:21.302000,0 days 01:45:01.476971,3,0.846470458309974,0.05871254182522992,6.41003510568888,3,0.5849356442713105,86.59541126403374,2.636424704863906,0.16239780813448107,31,13,6,0.508233797718321,156.21088666940682,9.72918866945795,0.00011207606211860574,0.47336180394137356,3.7381801866358395,1.9762189340280077e-06,COMPLETE
5,640.2723741704638,2025-04-24 20:19:19.857515,2025-04-24 22:30:11.813253,0 days 02:10:51.955738,3,0.846470458309974,0.05871254182522992,6.41003510568888,3,0.5849356442713105,86.59541126403374,2.636424704863906,0.16239780813448107,31,13,6,0.508233797718321,156.21088666940682,9.72918866945795,0.00011207606211860574,0.47336180394137356,3.7381801866358395,1.9762189340280077e-06,COMPLETE
6,837.9789630890347,2025-04-24 20:19:19.886677,2025-04-24 22:38:29.490878,0 days 02:19:09.604201,3,0.846470458309974,0.05871254182522992,6.41003510568888,3,0.5849356442713105,86.59541126403374,2.636424704863906,0.16239780813448107,31,13,6,0.508233797718321,156.21088666940682,9.72918866945795,0.00011207606211860574,0.47336180394137356,3.7381801866358395,1.9762189340280077e-06,COMPLETE
7,972.5662132361808,2025-04-24 20:19:19.914554,2025-04-24 22:42:37.726547,0 days 02:23:17.811993,3,0.846470458309974,0.05871254182522992,6.41003510568888,3,0.5849356442713105,86.59541126403374,2.636424704863906,0.16239780813448107,31,13,6,0.508233797718321,156.21088666940682,9.72918866945795,0.00011207606211860574,0.47336180394137356,3.7381801866358395,1.9762189340280077e-06,COMPLETE
8,639.3196760596434,2025-04-24 20:19:19.928097,2025-04-24 22:59:55.792972,0 days 02:40:35.864875,3,0.846470458309974,0.05871254182522992,6.41003510568888,3,0.5849356442713105,86.59541126403374,2.636424704863906,0.16239780813448107,31,13,6,0.508233797718321,156.21088666940682,9.72918866945795,0.00011207606211860574,0.47336180394137356,3.7381801866358395,1.9762189340280077e-06,COMPLETE
9,909.4847566729592,2025-04-24 20:19:19.940806,2025-04-24 23:04:26.607740,0 days 02:45:06.666934,3,0.846470458309974,0.05871254182522992,6.41003510568888,3,0.5849356442713105,86.59541126403374,2.636424704863906,0.16239780813448107,31,13,6,0.508233797718321,156.21088666940682,9.72918866945795,0.00011207606211860574,0.47336180394137356,3.7381801866358395,1.9762189340280077e-06,COMPLETE
10,718.1344259738605,2025-04-24 20:19:19.953635,2025-04-24 23:17:59.620123,0 days 02:58:39.666488,5,0.5296480713060737,0.193965611891813,9.522656887511342,7,0.8124897805145396,37.65404112669709,8.212185656078328,0.4630659181130071,8,6,3,0.878204789548042,84.72528082300295,2.2703898624335253,0.0004993637883601218,0.7144299083451704,7.943328122319691,2.214396068504149e-07,COMPLETE
11,1216.9435536889202,2025-04-24 20:19:19.966677,2025-04-24 23:22:08.655904,0 days 03:02:48.689227,5,0.7375386315314675,0.10232639337607534,2.9492362457018393,5,0.6971457481268195,64.3373971841306,5.2544260599215376,0.2753991977825756,22,16,8,0.6358350704309181,198.8740092569891,7.259174438107952,2.5508754249827804e-05,0.5855975253875391,1.1807419121509417,1.6486581733805815e-05,COMPLETE
12,681.9813080717706,2025-04-24 20:19:19.979559,2025-04-24 23:42:03.294761,0 days 03:22:43.315202,2,0.7375386315314675,0.09865901148564998,4.013156586009125,5,0.6971457481268195,66.27547611551614,5.083062055825858,0.2753991977825756,25,9,4,0.6175209522347848,109.2620316434298,7.259174438107952,0.0003429667321326434,0.5855975253875391,6.15961879886106,2.967773209962217e-07,COMPLETE
13,1129.5924815641235,2025-04-24 20:19:19.992336,2025-04-24 23:46:11.487595,0 days 03:26:51.495259,6,0.6444185093738942,0.09303897372420696,8.93053359792161,6,0.5235512908529711,46.75307018566624,1.3026934434163842,0.2390651593963909,25,10,8,0.6123043816958816,194.05750117413066,7.496592619232377,4.038549892854383e-05,0.4088140052901209,1.1807419121509417,1.2002089712213867e-05,COMPLETE
14,1374.957783831682,2025-04-24 20:19:20.004942,2025-04-24 23:50:20.469708,0 days 03:31:00.464766,2,0.7617905521683779,0.13209017466799233,8.05266659034115,2,0.6673936252831768,70.2996707023857,6.960307803166783,0.3760988294276581,14,16,4,0.7873521528567009,128.9888083091715,4.204821010014943,4.490942793485993e-05,0.6586502480449148,6.11551811076909,5.01977652774865e-07,COMPLETE
15,657.1581637768618,2025-04-24 20:19:20.017983,2025-04-25 00:09:31.279866,0 days 03:50:11.261883,4,0.656981156841053,0.13209017466799233,4.013156586009125,5,0.8118806691729988,96.48069520007276,4.114726751921404,0.22764353500698464,26,10,2,0.685907353219685,51.976509869501044,7.981465341598607,0.0002292936637507634,0.5486198003438324,2.0782176795602387,4.5594072390214954e-05,COMPLETE
16,557.7135075724575,2025-04-24 20:19:20.031231,2025-04-25 00:25:41.353801,0 days 04:06:21.322570,4,0.7857607271277411,0.08219598949868935,7.911104799977132,4,0.5235512908529711,75.54437608969272,1.3026934434163842,0.11549007998447319,16,4,7,0.5681139558702257,128.9888083091715,6.0267225770136115,0.0009509819438528873,0.4088140052901209,5.172326697890094,6.323728543271069e-07,COMPLETE
17,602.9025954918274,2025-04-24 20:19:20.044517,2025-04-25 00:43:20.686375,0 days 04:24:00.641858,4,0.8922566863986378,0.08224451145521498,8.05266659034115,4,0.5131173586671901,74.51920072918698,1.1625834628049156,0.11549007998447319,16,4,7,0.5681139558702257,128.9888083091715,5.37750103723499,0.0009917758212327403,0.40450752350901525,9.391433792708199,6.323728543271069e-07,COMPLETE
18,574.3813094817652,2025-04-24 20:19:20.058105,2025-04-25 00:55:45.201452,0 days 04:36:25.143347,4,0.7815048721016461,0.082252429689637,8.05266659034115,4,0.5120670556652918,54.77038115575688,1.154687286714901,0.11328900235266169,16,4,8,0.5758578258791848,125.63324326137601,4.959542840754541,0.0009954744490568471,0.4043549686266507,9.918309666948264,1.0865789624718587e-07,COMPLETE
19,616.0435143973131,2025-04-24 20:19:20.071739,2025-04-25 01:08:31.500298,0 days 04:49:11.428559,5,0.7801144793213364,0.11743794140100955,8.05266659034115,6,0.8734624039041587,55.02991884822071,9.584276128818496,0.3760988294276581,15,4,8,0.7138532183314326,106.9406365130335,4.204821010014943,0.0009954860798357566,0.7742247504325699,7.604698094384849,1.0626801628778867e-07,COMPLETE
20,567.4631829497839,2025-04-24 20:19:20.085396,2025-04-25 01:22:51.195819,0 days 05:03:31.110423,4,0.6879082321389851,0.14913706000141147,9.6661726913478,4,0.6492219081312312,55.02991884822071,4.037677979482558,0.11549007998447319,11,6,7,0.5681139558702257,84.72528082300295,6.0267225770136115,0.0006052902610668482,0.5273145000499233,9.918469652106323,1.0626801628778867e-07,COMPLETE
21,566.1658849647308,2025-04-24 20:19:20.098989,2025-04-25 01:37:58.823214,0 days 05:18:38.724225,4,0.6711120731528121,0.15553039965114757,9.7532695089479,4,0.6456093984716176,55.401590307345366,4.082643943639809,0.11096367325753277,11,6,7,0.5687183938480146,75.83775252290734,6.0267225770136115,0.0005875920584736576,0.5319541421746606,9.964543974942778,1.0487225841430677e-07,COMPLETE
22,591.6341173464825,2025-04-24 20:19:20.112381,2025-04-25 01:54:33.163769,0 days 05:35:13.051388,4,0.6656323961620945,0.15674368020041216,9.762502584862888,4,0.6424952652550133,42.86834467560792,4.082643943639809,0.11096367325753277,11,6,7,0.5680056997187877,59.25793601035767,6.232680777709965,0.0005637366202556486,0.5273145000499233,8.546450996542411,6.541541453073624e-07,COMPLETE
23,808.9947690023768,2025-04-24 20:19:20.126183,2025-04-25 02:00:34.646807,0 days 05:41:14.520624,5,0.6038994444722598,0.15827026735179095,8.93053359792161,4,0.7479287954068051,56.98756691373163,4.082643943639809,0.2202259292197384,12,6,7,0.6680823878287953,76.9941849399165,6.232680777709965,0.00021900825953623986,0.6395797456892097,4.967973931111567,2.536551505273766e-07,COMPLETE
24,656.653637926279,2025-04-24 20:19:20.140244,2025-04-25 02:10:43.209443,0 days 05:51:23.069199,4,0.7014451678493423,0.15674368020041216,8.93053359792161,5,0.6424952652550133,49.824005897612366,6.934540005042189,0.20772426467602428,8,7,7,0.7243013620843857,84.72528082300295,6.232680777709965,0.0005637366202556486,0.5273145000499233,7.1762944864728135,1.701046642844934e-07,COMPLETE
25,524.7578443910372,2025-04-24 20:19:20.154593,2025-04-25 02:30:17.274434,0 days 06:10:57.119841,6,0.6038994444722598,0.17014667404757933,9.762502584862888,2,0.7479287954068051,34.661205286371036,5.854631221378225,0.3353262051364367,18,7,5,0.5680056997187877,106.9406365130335,2.6655567447823585,0.0003429667321326434,0.545238217259996,8.982475473133988,4.833881100406519e-07,COMPLETE
26,628.6343847208719,2025-04-24 20:19:20.168425,2025-04-25 02:46:26.395579,0 days 06:27:06.227154,6,0.5733967028866028,0.17930784675752362,8.61556962988984,2,0.7523754916367584,28.32194029279087,6.2020233517783545,0.3489340151780574,18,7,5,0.5979692245516318,106.9406365130335,1.1712315497502326,0.0003429667321326434,0.6226609600737365,8.789375795240273,8.78623688597606e-07,COMPLETE
27,843.7820875350267,2025-04-24 20:19:20.182501,2025-04-25 02:50:56.897216,0 days 06:31:36.714715,6,0.61231475533153,0.1742715974888694,7.153875157080701,8,0.7523754916367584,28.32194029279087,6.2020233517783545,0.4439836389304148,20,5,5,0.6503152663213415,70.4114246334323,3.1123559915860177,0.0002144933710100907,0.686841641720509,4.967973931111567,3.551637544516534e-07,COMPLETE
28,656.2463694147351,2025-04-24 20:19:20.196484,2025-04-25 03:02:58.071285,0 days 06:43:37.874801,5,0.5242246107908175,0.1742715974888694,5.451798712798487,2,0.543540305362842,34.54959802805807,8.054895323185818,0.34188299349949985,18,9,5,0.7648264734247756,114.8706950451406,4.204821010014943,0.0003429667321326434,0.55711479969281,6.817888679876604,8.78623688597606e-07,COMPLETE
29,580.6791110965092,2025-04-24 20:19:20.210557,2025-04-25 03:17:59.754088,0 days 06:58:39.543531,5,0.5725344534615998,0.1963488135397577,9.76345144247842,6,0.8061861550296402,79.11578544101438,3.5933511809792753,0.4208799472720689,21,7,4,0.5370535309747473,93.77028648373451,3.1123559915860177,0.0006424106965053611,0.5136725606376112,8.952676650608726,3.970839541258368e-06,COMPLETE
30,654.7284987208794,2025-04-24 20:19:20.225555,2025-04-25 03:28:54.189143,0 days 07:09:33.963588,5,0.5725344534615998,0.1963488135397577,9.76345144247842,6,0.8061861550296402,79.11578544101438,3.5933511809792753,0.4208799472720689,21,7,4,0.5370535309747473,93.77028648373451,3.1123559915860177,0.0006424106965053611,0.5136725606376112,8.952676650608726,3.970839541258368e-06,COMPLETE
31,620.9271088418512,2025-04-24 20:19:20.239863,2025-04-25 03:43:53.286776,0 days 07:24:33.046913,4,0.706003225714601,0.14539477334883194,7.314507993898385,4,0.624238248910688,62.31599573216861,4.817184709750501,0.13601375391284423,11,5,7,0.597946745298249,138.67750935258073,5.627974389736456,0.00043828039209831723,0.5649429156561611,9.970961187974432,1.6373992989779432e-07,COMPLETE
32,705.0799200693563,2025-04-24 20:19:20.254146,2025-04-25 03:50:16.094824,0 days 07:30:55.840678,4,0.6795354580170943,0.14539477334883194,9.162143183163682,4,0.7356355993263816,49.15308157708293,5.743792457737291,0.19352840994997123,13,8,7,0.5634563146026245,99.35748434116883,6.775514393971983,0.000676460614415771,0.42636816364811353,9.487241913573797,4.475505882306331e-07,COMPLETE
33,920.8512829925872,2025-04-24 20:19:20.268090,2025-04-25 03:54:24.191971,0 days 07:35:03.923881,4,0.6301439991885139,0.16537347204323313,7.314507993898385,2,0.6679632489872704,40.00333674151269,3.3604424093201826,0.30707181683745116,10,5,5,0.6370551136536963,138.67750935258073,4.829648120384422,0.00017110337328917396,0.6101814872819495,8.383415653525022,1.4986757855086047e-07,COMPLETE
34,549.8453017924155,2025-04-24 20:19:20.282992,2025-04-25 04:11:17.600514,0 days 07:51:57.317522,4,0.6795354580170943,0.14539477334883194,8.4178263319852,5,0.5538237027877302,69.51952951448281,1.6103824098635875,0.13601375391284423,18,8,8,0.597946745298249,74.7253525130201,8.828098767694765,0.00043828039209831723,0.4960266332554615,4.579907743289364,8.710721316354404e-07,COMPLETE
35,571.1401779449676,2025-04-24 20:19:20.297466,2025-04-25 04:27:25.460358,0 days 08:08:05.162892,6,0.7114268626026802,0.12509390780748292,8.482144298753457,5,0.5538237027877302,70.69857207829556,1.9168478036759773,0.13601375391284423,18,8,8,0.5454660079876886,67.91486563169232,8.828098767694765,0.0004304625750684979,0.44023507795388883,4.881995236259547,1.2458283422378434e-06,COMPLETE
36,849.8607255706617,2025-04-24 20:19:20.311783,2025-04-25 04:31:33.341813,0 days 08:12:13.030030,4,0.6024397032470978,0.11278983561485452,1.8734739437224346,5,0.5538237027877302,79.16407722909655,1.9168478036759773,0.13601375391284423,17,8,8,0.5948805544258147,172.76615476845546,8.211508292195713,0.0002711165826489665,0.44023507795388883,3.0865025204944243,1.2458283422378434e-06,COMPLETE
37,883.2526649250506,2025-04-24 20:19:20.326386,2025-04-25 04:35:40.511915,0 days 08:16:20.185529,5,0.6301439991885139,0.1399352652946551,9.29580561276194,8,0.6168953862007945,69.4482360570989,1.9168478036759773,0.3137626891308885,14,5,8,0.5454660079876886,114.8706950451406,8.964774613874072,0.00016711840653238402,0.5022469639181167,5.362735001538134,3.573601302486262e-07,COMPLETE
38,630.5856362462281,2025-04-24 20:19:20.340782,2025-04-25 04:46:32.526106,0 days 08:27:12.185324,3,0.7472242258275974,0.16776419812525203,7.546938907579479,5,0.7226267909823336,74.48678991492514,4.592295243542054,0.18053346647493032,22,9,3,0.6626072220325745,67.91486563169232,1.1712315497502326,0.0007172237618518584,0.4960266332554615,4.311384767224739,1.2458283422378434e-06,COMPLETE
39,737.6248741052326,2025-04-24 20:19:20.355271,2025-04-25 04:52:11.371587,0 days 08:32:51.016316,4,0.7848864483764558,0.17992455218123102,8.482144298753457,6,0.6168953862007945,31.77607768132835,1.634113095190201,0.24397252712781237,16,8,5,0.6123043816958816,50.9550713225639,2.2703898624335253,0.0004304625750684979,0.4464938399310475,6.4646584662990305,4.917685727209855e-07,COMPLETE
40,808.0098783073132,2025-04-24 20:19:20.369679,2025-04-25 04:56:41.783314,0 days 08:37:21.413635,3,0.8837257165119627,0.07593148724399308,5.928024169633634,3,0.5538237027877302,25.618712618415096,3.3604424093201826,0.13601375391284423,20,4,7,0.529659765203099,146.55691049357353,8.964774613874072,0.0003001686124225591,0.5769289250865582,3.0865025204944243,3.814759903827199e-06,COMPLETE
41,540.2754811979952,2025-04-24 20:19:20.384097,2025-04-25 05:12:04.921363,0 days 08:52:44.537266,4,0.6795354580170943,0.1478849060317948,9.900624094608554,4,0.7757109734851662,59.51990072368939,6.117184157646198,0.1083379526801507,10,6,7,0.5887365201871088,80.02396366661029,5.673893761232556,0.0008455297900894536,0.5381876009103461,9.49690218735932,2.1574694104944966e-07,COMPLETE
42,653.2724842255269,2025-04-24 20:19:20.398894,2025-04-25 05:22:35.541598,0 days 09:03:15.142704,4,0.6795354580170943,0.13737163099979977,9.915406054950795,4,0.7798901325468364,59.51990072368939,7.240503922256434,0.1083379526801507,9,6,6,0.5914500516306124,60.6144284187234,6.68146837011818,0.0008738307062354418,0.5449512778983054,9.34950312342166,2.2735105813862987e-07,COMPLETE
43,575.8755287305826,2025-04-24 20:19:20.413699,2025-04-25 05:38:43.001648,0 days 09:19:22.587949,4,0.656981156841053,0.15129148344605436,9.242551172111648,3,0.7798901325468364,65.86889008761815,6.023634835031883,0.1440139601250706,13,5,7,0.623754295768669,93.80171321269164,4.6650256298244726,0.0007172237618518584,0.4960266332554615,4.231436961721122,1.7713913500882883e-07,COMPLETE
44,541.8559380437875,2025-04-24 20:19:20.428425,2025-04-25 06:07:36.167697,0 days 09:48:15.739272,3,0.711339197284839,0.16683119022733597,8.61556962988984,4,0.8438580414675328,59.51990072368939,7.742057054511653,0.18980575629596472,19,7,6,0.8870145737504872,86.16246713414537,5.47126338834952,0.0004749667900748962,0.5426720563076156,7.845433108354158,8.413369841341188e-07,COMPLETE
45,564.52169004897,2025-04-24 20:19:20.443236,2025-04-25 06:23:42.339208,0 days 10:04:21.895972,2,0.7973263162799132,0.1843105838472167,6.9535191147096915,3,0.8686391163547384,74.876010978735,7.8604658659774085,0.18277546405853726,19,11,6,0.8870145737504872,100.43957336189368,5.336416046494745,0.0007693500645728701,0.604683975447315,7.860703135001416,2.8882596486480604e-06,COMPLETE
46,707.3760002742732,2025-04-24 20:19:20.458251,2025-04-25 06:30:05.234889,0 days 10:10:44.776638,3,0.7375378947784375,0.1676811326720502,7.70194809505662,5,0.8313162311166986,60.125711732338615,8.814495164538439,0.14956262197632242,23,11,6,0.8613771103979635,79.18151540676458,2.2703898624335253,0.00044232033016191333,0.5641648121568286,5.854906282181436,6.303642326970062e-07,COMPLETE
47,866.5014381203276,2025-04-24 20:19:20.473184,2025-04-25 06:34:12.870971,0 days 10:14:52.397787,2,0.7090013930886276,0.1611697747568982,8.600493579307944,3,0.8313162311166986,23.140728458726553,7.466895531272388,0.1803532585693799,19,7,6,0.8338074304780808,88.81768268944221,6.779387916544724,0.0001525342151796965,0.4624709366371979,8.273334932559605,3.418896916646637e-07,COMPLETE
48,771.3588604025084,2025-04-24 20:19:20.488296,2025-04-25 06:38:44.262031,0 days 10:19:23.773735,3,0.6356987247234038,0.1251473169464755,6.795408466721011,2,0.7851399219311697,83.86173648317146,6.431443467933896,0.3368075375944588,23,8,8,0.7445258310689761,101.13680257030963,8.224959839215389,0.0003746177799311493,0.5837605876475837,7.089895344072876,1.4269069245259676e-06,COMPLETE
49,615.0678174644305,2025-04-24 20:19:20.503412,2025-04-25 06:50:22.626309,0 days 10:31:02.122897,3,0.7973263162799132,0.11278983561485452,8.371797681740434,4,0.7100069064702221,62.71617357598931,5.567454064515632,0.19767983759023144,27,10,6,0.8279731604178686,72.31784655517849,7.398545623487764,0.0005124321391477653,0.4960266332554615,4.603136980897344,2.8882596486480604e-06,COMPLETE
